----------------------------------------------------------------
🚀 APEX ORCHESTRATOR INITIATED: Thu May 14 03:34:52 HST 2026
----------------------------------------------------------------
📂 Running Dropbox Organization...
☁️ Running Cloud Sync & Manifest Generation...
📝 Running Auto-Transcription...
🔗 Running Dossier Linker...
----------------------------------------------------------------
✅ ORCHESTRATION CYCLE COMPLETE: Thu May 14 04:06:37 HST 2026
----------------------------------------------------------------
----------------------------------------------------------------
🚀 APEX ORCHESTRATOR INITIATED: Thu May 14 05:06:42 HST 2026
----------------------------------------------------------------
📂 Running Dropbox Organization...
☁️ Running Cloud Sync & Manifest Generation...
----------------------------------------------------------------
🚀 APEX ORCHESTRATOR INITIATED: Thu May 14 05:13:30 HST 2026
----------------------------------------------------------------
📂 Running Dropbox Organization...
☁️ Running Cloud Sync & Manifest Generation...
📝 Running Auto-Transcription...
🔗 Running Dossier Linker...
----------------------------------------------------------------
✅ ORCHESTRATION CYCLE COMPLETE: Thu May 14 05:16:30 HST 2026
----------------------------------------------------------------
----------------------------------------------------------------
🚀 APEX ORCHESTRATOR INITIATED: Thu May 14 07:33:03 HST 2026
----------------------------------------------------------------
📂 Running Dropbox Organization...
☁️ Running Cloud Sync & Manifest Generation...
📝 Running Auto-Transcription...
🔗 Running Dossier Linker...
----------------------------------------------------------------
✅ ORCHESTRATION CYCLE COMPLETE: Thu May 14 07:39:22 HST 2026
----------------------------------------------------------------
----------------------------------------------------------------
🚀 APEX ORCHESTRATOR INITIATED: Thu May 14 08:39:22 HST 2026
----------------------------------------------------------------
📂 Running Dropbox Organization...
☁️ Running Cloud Sync & Manifest Generation...
📝 Running Auto-Transcription...
🔗 Running Dossier Linker...
----------------------------------------------------------------
✅ ORCHESTRATION CYCLE COMPLETE: Thu May 14 08:47:18 HST 2026
----------------------------------------------------------------
----------------------------------------------------------------
🚀 APEX ORCHESTRATOR INITIATED: Thu May 14 09:47:20 HST 2026
----------------------------------------------------------------
📂 Running Dropbox Organization...
☁️ Running Cloud Sync & Manifest Generation...
📝 Running Auto-Transcription...
----------------------------------------------------------------
🚀 APEX ORCHESTRATOR INITIATED: Thu May 14 10:33:03 HST 2026
----------------------------------------------------------------
📂 Running Dropbox Organization...
☁️ Running Cloud Sync & Manifest Generation...
📝 Running Auto-Transcription...
🔗 Running Dossier Linker...
----------------------------------------------------------------
✅ ORCHESTRATION CYCLE COMPLETE: Thu May 14 10:40:03 HST 2026
----------------------------------------------------------------
----------------------------------------------------------------
🚀 APEX ORCHESTRATOR INITIATED: Thu May 14 11:40:03 HST 2026
----------------------------------------------------------------
📂 Running Dropbox Organization...
☁️ Running Cloud Sync & Manifest Generation...
📝 Running Auto-Transcription...
🔗 Running Dossier Linker...
----------------------------------------------------------------
✅ ORCHESTRATION CYCLE COMPLETE: Thu May 14 11:45:43 HST 2026
----------------------------------------------------------------
----------------------------------------------------------------
🚀 APEX ORCHESTRATOR INITIATED: Thu May 14 12:45:43 HST 2026
----------------------------------------------------------------
📂 Running Dropbox Organization...
☁️ Running Cloud Sync & Manifest Generation...
📝 Running Auto-Transcription...
🔗 Running Dossier Linker...
----------------------------------------------------------------
✅ ORCHESTRATION CYCLE COMPLETE: Thu May 14 12:50:12 HST 2026
----------------------------------------------------------------
----------------------------------------------------------------
🚀 APEX ORCHESTRATOR INITIATED: Thu May 14 13:50:13 HST 2026
----------------------------------------------------------------
📂 Running Dropbox Organization...
☁️ Running Cloud Sync & Manifest Generation...
📝 Running Auto-Transcription...
🔗 Running Dossier Linker...
----------------------------------------------------------------
✅ ORCHESTRATION CYCLE COMPLETE: Thu May 14 13:52:58 HST 2026
----------------------------------------------------------------
----------------------------------------------------------------
🚀 APEX ORCHESTRATOR INITIATED: Thu May 14 14:52:59 HST 2026
----------------------------------------------------------------
📂 Running Dropbox Organization...
☁️ Running Cloud Sync & Manifest Generation...
📝 Running Auto-Transcription...
🔗 Running Dossier Linker...
----------------------------------------------------------------
✅ ORCHESTRATION CYCLE COMPLETE: Thu May 14 14:55:43 HST 2026
----------------------------------------------------------------
----------------------------------------------------------------
🚀 APEX ORCHESTRATOR INITIATED: Thu May 14 15:55:43 HST 2026
----------------------------------------------------------------
📂 Running Dropbox Organization...
☁️ Running Cloud Sync & Manifest Generation...
📝 Running Auto-Transcription...
🔗 Running Dossier Linker...
----------------------------------------------------------------
✅ ORCHESTRATION CYCLE COMPLETE: Thu May 14 16:01:13 HST 2026
----------------------------------------------------------------
----------------------------------------------------------------
🚀 APEX ORCHESTRATOR INITIATED: Thu May 14 17:01:13 HST 2026
----------------------------------------------------------------
📂 Running Dropbox Organization...
☁️ Running Cloud Sync & Manifest Generation...
📝 Running Auto-Transcription...
🔗 Running Dossier Linker...
----------------------------------------------------------------
✅ ORCHESTRATION CYCLE COMPLETE: Thu May 14 17:06:41 HST 2026
----------------------------------------------------------------
----------------------------------------------------------------
🚀 APEX ORCHESTRATOR INITIATED: Thu May 14 18:06:41 HST 2026
----------------------------------------------------------------
📂 Running Dropbox Organization...
☁️ Running Cloud Sync & Manifest Generation...
📝 Running Auto-Transcription...
🔗 Running Dossier Linker...
----------------------------------------------------------------
✅ ORCHESTRATION CYCLE COMPLETE: Thu May 14 18:12:49 HST 2026
----------------------------------------------------------------
----------------------------------------------------------------
🚀 APEX ORCHESTRATOR INITIATED: Thu May 14 19:12:49 HST 2026
----------------------------------------------------------------
📂 Running Dropbox Organization...
☁️ Running Cloud Sync & Manifest Generation...
📝 Running Auto-Transcription...
🔗 Running Dossier Linker...
----------------------------------------------------------------
✅ ORCHESTRATION CYCLE COMPLETE: Thu May 14 19:15:27 HST 2026
----------------------------------------------------------------
----------------------------------------------------------------
🚀 APEX ORCHESTRATOR INITIATED: Thu May 14 20:15:27 HST 2026
----------------------------------------------------------------
📂 Running Dropbox Organization...
☁️ Running Cloud Sync & Manifest Generation...
📝 Running Auto-Transcription...
🔗 Running Dossier Linker...
----------------------------------------------------------------
✅ ORCHESTRATION CYCLE COMPLETE: Thu May 14 20:18:07 HST 2026
----------------------------------------------------------------
----------------------------------------------------------------
🚀 APEX ORCHESTRATOR INITIATED: Thu May 14 21:18:07 HST 2026
----------------------------------------------------------------
📂 Running Dropbox Organization...
☁️ Running Cloud Sync & Manifest Generation...
📝 Running Auto-Transcription...
🔗 Running Dossier Linker...
----------------------------------------------------------------
✅ ORCHESTRATION CYCLE COMPLETE: Thu May 14 21:20:52 HST 2026
----------------------------------------------------------------
----------------------------------------------------------------
🚀 APEX ORCHESTRATOR INITIATED: Thu May 14 22:20:52 HST 2026
----------------------------------------------------------------
📂 Running Dropbox Organization...
☁️ Running Cloud Sync & Manifest Generation...
📝 Running Auto-Transcription...
🔗 Running Dossier Linker...
----------------------------------------------------------------
✅ ORCHESTRATION CYCLE COMPLETE: Thu May 14 22:27:36 HST 2026
----------------------------------------------------------------
----------------------------------------------------------------
🚀 APEX ORCHESTRATOR INITIATED: Thu May 14 23:27:37 HST 2026
----------------------------------------------------------------
📂 Running Dropbox Organization...
☁️ Running Cloud Sync & Manifest Generation...
📝 Running Auto-Transcription...
🔗 Running Dossier Linker...
----------------------------------------------------------------
✅ ORCHESTRATION CYCLE COMPLETE: Thu May 14 23:37:43 HST 2026
----------------------------------------------------------------
----------------------------------------------------------------
🚀 APEX ORCHESTRATOR INITIATED: Fri May 15 00:37:43 HST 2026
----------------------------------------------------------------
📂 Running Dropbox Organization...
☁️ Running Cloud Sync & Manifest Generation...
📝 Running Auto-Transcription...
🔗 Running Dossier Linker...
----------------------------------------------------------------
✅ ORCHESTRATION CYCLE COMPLETE: Fri May 15 00:48:30 HST 2026
----------------------------------------------------------------
